<?xml version="1.0" encoding="UTF-8"?>
<testsuite xmlns:xsi="http://www.w3.org/2001/XMLSchema-instance" xsi:noNamespaceSchemaLocation="https://maven.apache.org/surefire/maven-surefire-plugin/xsd/surefire-test-report.xsd" name="com.brown.sms.SMS.AppTest" time="2.46" tests="3" errors="0" skipped="0" failures="1">
  <properties>
[...]
</properties>
  <testcase name="testValidateStudent" classname="com.brown.sms.SMS.AppTest" time="0.124"/>
  <testcase name="testGetAllStudents" classname="com.brown.sms.SMS.AppTest" time="0.217"/>
  <testcase name="testGetStudentByEmail" classname="com.brown.sms.SMS.AppTest" time="0.011">
    <failure message="expected: &lt;Student [email=tattwool4@biglobe.ne.jp, name=Thornie Attwool, courses=[]]&gt; but was: &lt;Student [email=tattwool4@biglobe.ne.jp, name=Thornie Attwool, courses=null]&gt;" type="org.opentest4j.AssertionFailedError">org.opentest4j.AssertionFailedError: expected: &lt;Student [email=tattwool4@biglobe.ne.jp, name=Thornie Attwool, courses=[]]&gt; but was: &lt;Student [email=tattwool4@biglobe.ne.jp, name=Thornie Attwool, courses=null]&gt;	at com.brown.sms.SMS.AppTest.testGetStudentByEmail(AppTest.java:33)</failure>
  </testcase>
</testsuite>